D:\MYPROJECT\C\HELLOWORLD\HELLOWORLD\DEBUG\HELLO_WORLD.OBJ
D:\MYPROJECT\C\HELLOWORLD\HELLOWORLD\DEBUG\VC110.PDB
D:\MYPROJECT\C\HELLOWORLD\DEBUG\HELLOWORLD.ILK
D:\MYPROJECT\C\HELLOWORLD\DEBUG\HELLOWORLD.EXE
D:\MYPROJECT\C\HELLOWORLD\DEBUG\HELLOWORLD.PDB
D:\MyProject\C\HelloWorld\HelloWorld\Debug\hello_world.obj
D:\MyProject\C\HelloWorld\HelloWorld\Debug\cl.command.1.tlog
D:\MyProject\C\HelloWorld\HelloWorld\Debug\CL.read.1.tlog
D:\MyProject\C\HelloWorld\HelloWorld\Debug\CL.write.1.tlog
D:\MyProject\C\HelloWorld\HelloWorld\Debug\link-cvtres.read.1.tlog
D:\MyProject\C\HelloWorld\HelloWorld\Debug\link-cvtres.write.1.tlog
D:\MyProject\C\HelloWorld\HelloWorld\Debug\link-rc.read.1.tlog
D:\MyProject\C\HelloWorld\HelloWorld\Debug\link-rc.write.1.tlog
D:\MyProject\C\HelloWorld\HelloWorld\Debug\link.command.1.tlog
D:\MyProject\C\HelloWorld\HelloWorld\Debug\link.read.1.tlog
D:\MyProject\C\HelloWorld\HelloWorld\Debug\link.write.1.tlog
D:\MyProject\C\HelloWorld\HelloWorld\Debug\vc110.idb
D:\MyProject\C\HelloWorld\HelloWorld\Debug\vc110.pdb
D:\MyProject\C\HelloWorld\Debug\HelloWorld.pdb
D:\MyProject\C\HelloWorld\Debug\HelloWorld.exe
D:\MyProject\C\HelloWorld\Debug\HelloWorld.ilk
